<?xml version='1.0' encoding='UTF-8'?>
<!DOCTYPE coverage SYSTEM 'http://cobertura.sourceforge.net/xml/coverage-04.dtd'>
<coverage line-rate="0.981651376146789" branch-rate="0.3471563981042654" lines-covered="1070" lines-valid="1090" branches-covered="879" branches-valid="2532" complexity="0.0" timestamp="1629580229" version="gcovr 5.0">
  <sources>
    <source>.</source>
  </sources>
  <packages>
    <package name="sources" line-rate="0.9314079422382672" branch-rate="0.8470588235294118" complexity="0.0">
      <classes>
        <class name="ll_create_list_c" filename="sources/ll_create_list.c" line-rate="0.8333333333333334" branch-rate="0.5" complexity="0.0">
          <methods/>
          <lines>
            <line number="11" hits="192" branch="false"/>
            <line number="13" hits="192" branch="false"/>
            <line number="15" hits="192" branch="true" condition-coverage="50% (1/2)">
              <conditions>
                <condition number="0" type="jump" coverage="50%"/>
              </conditions>
            </line>
            <line number="16" hits="0" branch="false"/>
            <line number="17" hits="192" branch="false"/>
            <line number="18" hits="192" branch="false"/>
          </lines>
        </class>
        <class name="ll_create_node_c" filename="sources/ll_create_node.c" line-rate="0.875" branch-rate="0.5" complexity="0.0">
          <methods/>
          <lines>
            <line number="11" hits="676" branch="false"/>
            <line number="13" hits="676" branch="false"/>
            <line number="15" hits="676" branch="true" condition-coverage="50% (1/2)">
              <conditions>
                <condition number="0" type="jump" coverage="50%"/>
              </conditions>
            </line>
            <line number="16" hits="0" branch="false"/>
            <line number="17" hits="676" branch="false"/>
            <line number="18" hits="676" branch="false"/>
            <line number="19" hits="676" branch="false"/>
            <line number="20" hits="676" branch="false"/>
          </lines>
        </class>
        <class name="ll_free_list_c" filename="sources/ll_free_list.c" line-rate="0.9655172413793104" branch-rate="0.8888888888888888" complexity="0.0">
          <methods/>
          <lines>
            <line number="11" hits="20" branch="false"/>
            <line number="13" hits="20" branch="false"/>
            <line number="14" hits="20" branch="false"/>
            <line number="15" hits="20" branch="false"/>
            <line number="17" hits="20" branch="true" condition-coverage="100% (2/2)">
              <conditions>
                <condition number="0" type="jump" coverage="100%"/>
              </conditions>
            </line>
            <line number="18" hits="8" branch="false"/>
            <line number="19" hits="12" branch="true" condition-coverage="100% (2/2)">
              <conditions>
                <condition number="0" type="jump" coverage="100%"/>
              </conditions>
            </line>
            <line number="20" hits="4" branch="false"/>
            <line number="21" hits="8" branch="false"/>
            <line number="22" hits="24" branch="true" condition-coverage="75% (3/4)">
              <conditions>
                <condition number="0" type="jump" coverage="75%"/>
              </conditions>
            </line>
            <line number="23" hits="16" branch="false"/>
            <line number="24" hits="16" branch="false"/>
            <line number="25" hits="16" branch="true" condition-coverage="100% (2/2)">
              <conditions>
                <condition number="0" type="jump" coverage="100%"/>
              </conditions>
            </line>
            <line number="26" hits="16" branch="true" condition-coverage="50% (1/2)">
              <conditions>
                <condition number="0" type="jump" coverage="50%"/>
              </conditions>
            </line>
            <line number="27" hits="0" branch="false"/>
            <line number="28" hits="16" branch="false"/>
            <line number="30" hits="8" branch="true" condition-coverage="100% (2/2)">
              <conditions>
                <condition number="0" type="jump" coverage="100%"/>
              </conditions>
            </line>
            <line number="31" hits="4" branch="false"/>
            <line number="32" hits="4" branch="false"/>
            <line number="35" hits="8" branch="false"/>
            <line number="37" hits="8" branch="false"/>
            <line number="39" hits="8" branch="true" condition-coverage="100% (2/2)">
              <conditions>
                <condition number="0" type="jump" coverage="100%"/>
              </conditions>
            </line>
            <line number="40" hits="4" branch="false"/>
            <line number="41" hits="8" branch="false"/>
            <line number="44" hits="12" branch="false"/>
            <line number="46" hits="12" branch="false"/>
            <line number="48" hits="12" branch="true" condition-coverage="100% (2/2)">
              <conditions>
                <condition number="0" type="jump" coverage="100%"/>
              </conditions>
            </line>
            <line number="49" hits="8" branch="false"/>
            <line number="50" hits="12" branch="false"/>
          </lines>
        </class>
        <class name="ll_free_node_c" filename="sources/ll_free_node.c" line-rate="1.0" branch-rate="1.0" complexity="0.0">
          <methods/>
          <lines>
            <line number="11" hits="44" branch="false"/>
            <line number="13" hits="44" branch="true" condition-coverage="100% (2/2)">
              <conditions>
                <condition number="0" type="jump" coverage="100%"/>
              </conditions>
            </line>
            <line number="14" hits="4" branch="false"/>
            <line number="15" hits="40" branch="true" condition-coverage="100% (2/2)">
              <conditions>
                <condition number="0" type="jump" coverage="100%"/>
              </conditions>
            </line>
            <line number="16" hits="4" branch="false"/>
            <line number="17" hits="36" branch="false"/>
            <line number="18" hits="36" branch="false"/>
            <line number="19" hits="36" branch="false"/>
            <line number="22" hits="28" branch="false"/>
            <line number="24" hits="28" branch="true" condition-coverage="100% (2/2)">
              <conditions>
                <condition number="0" type="jump" coverage="100%"/>
              </conditions>
            </line>
            <line number="25" hits="4" branch="false"/>
            <line number="26" hits="24" branch="true" condition-coverage="100% (2/2)">
              <conditions>
                <condition number="0" type="jump" coverage="100%"/>
              </conditions>
            </line>
            <line number="27" hits="4" branch="false"/>
            <line number="28" hits="20" branch="true" condition-coverage="100% (2/2)">
              <conditions>
                <condition number="0" type="jump" coverage="100%"/>
              </conditions>
            </line>
            <line number="29" hits="4" branch="false"/>
            <line number="30" hits="4" branch="false"/>
            <line number="32" hits="20" branch="false"/>
          </lines>
        </class>
        <class name="ll_from_array_c" filename="sources/ll_from_array.c" line-rate="0.9230769230769231" branch-rate="0.8333333333333334" complexity="0.0">
          <methods/>
          <lines>
            <line number="10" hits="12" branch="false"/>
            <line number="12" hits="12" branch="false"/>
            <line number="13" hits="12" branch="false"/>
            <line number="15" hits="12" branch="true" condition-coverage="75% (3/4)">
              <conditions>
                <condition number="0" type="jump" coverage="75%"/>
              </conditions>
            </line>
            <line number="16" hits="4" branch="false"/>
            <line number="17" hits="8" branch="true" condition-coverage="100% (2/2)">
              <conditions>
                <condition number="0" type="jump" coverage="100%"/>
              </conditions>
            </line>
            <line number="18" hits="4" branch="false"/>
            <line number="19" hits="20" branch="true" condition-coverage="100% (2/2)">
              <conditions>
                <condition number="0" type="jump" coverage="100%"/>
              </conditions>
            </line>
            <line number="20" hits="16" branch="false"/>
            <line number="21" hits="20" branch="true" condition-coverage="100% (2/2)">
              <conditions>
                <condition number="0" type="jump" coverage="100%"/>
              </conditions>
            </line>
            <line number="22" hits="16" branch="true" condition-coverage="50% (1/2)">
              <conditions>
                <condition number="0" type="jump" coverage="50%"/>
              </conditions>
            </line>
            <line number="23" hits="0" branch="false"/>
            <line number="25" hits="4" branch="false"/>
          </lines>
        </class>
        <class name="ll_get_len_c" filename="sources/ll_get_len.c" line-rate="1.0" branch-rate="1.0" complexity="0.0">
          <methods/>
          <lines>
            <line number="10" hits="8580" branch="false"/>
            <line number="12" hits="8580" branch="false"/>
            <line number="13" hits="8580" branch="false"/>
            <line number="14" hits="8580" branch="false"/>
            <line number="16" hits="8580" branch="true" condition-coverage="100% (2/2)">
              <conditions>
                <condition number="0" type="jump" coverage="100%"/>
              </conditions>
            </line>
            <line number="17" hits="8" branch="false"/>
            <line number="18" hits="8572" branch="true" condition-coverage="100% (2/2)">
              <conditions>
                <condition number="0" type="jump" coverage="100%"/>
              </conditions>
            </line>
            <line number="19" hits="16" branch="false"/>
            <line number="20" hits="8556" branch="false"/>
            <line number="21" hits="8556" branch="false"/>
            <line number="22" hits="211056" branch="true" condition-coverage="100% (2/2)">
              <conditions>
                <condition number="0" type="jump" coverage="100%"/>
              </conditions>
            </line>
            <line number="23" hits="202500" branch="false"/>
            <line number="24" hits="202500" branch="false"/>
            <line number="26" hits="8556" branch="false"/>
          </lines>
        </class>
        <class name="ll_has_node_c" filename="sources/ll_has_node.c" line-rate="1.0" branch-rate="0.8571428571428571" complexity="0.0">
          <methods/>
          <lines>
            <line number="10" hits="4340" branch="false"/>
            <line number="12" hits="4340" branch="false"/>
            <line number="14" hits="4340" branch="true" condition-coverage="83% (5/6)">
              <conditions>
                <condition number="0" type="jump" coverage="83%"/>
              </conditions>
            </line>
            <line number="15" hits="12" branch="false"/>
            <line number="16" hits="4328" branch="true" condition-coverage="100% (2/2)">
              <conditions>
                <condition number="0" type="jump" coverage="100%"/>
              </conditions>
            </line>
            <line number="17" hits="168" branch="false"/>
            <line number="18" hits="4160" branch="false"/>
            <line number="19" hits="50768" branch="true" condition-coverage="75% (3/4)">
              <conditions>
                <condition number="0" type="jump" coverage="75%"/>
              </conditions>
            </line>
            <line number="20" hits="50764" branch="true" condition-coverage="100% (2/2)">
              <conditions>
                <condition number="0" type="jump" coverage="100%"/>
              </conditions>
            </line>
            <line number="21" hits="4156" branch="false"/>
            <line number="22" hits="46608" branch="false"/>
            <line number="24" hits="4" branch="false"/>
          </lines>
        </class>
        <class name="ll_integrity_c" filename="sources/ll_integrity.c" line-rate="0.9444444444444444" branch-rate="0.875" complexity="0.0">
          <methods/>
          <lines>
            <line number="10" hits="20944" branch="false"/>
            <line number="12" hits="20944" branch="false"/>
            <line number="13" hits="20944" branch="false"/>
            <line number="15" hits="20944" branch="true" condition-coverage="100% (2/2)">
              <conditions>
                <condition number="0" type="jump" coverage="100%"/>
              </conditions>
            </line>
            <line number="16" hits="124" branch="false"/>
            <line number="17" hits="20820" branch="false"/>
            <line number="18" hits="20820" branch="false"/>
            <line number="19" hits="20820" branch="true" condition-coverage="100% (2/2)">
              <conditions>
                <condition number="0" type="jump" coverage="100%"/>
              </conditions>
            </line>
            <line number="20" hits="32" branch="false"/>
            <line number="21" hits="20788" branch="true" condition-coverage="100% (4/4)">
              <conditions>
                <condition number="0" type="jump" coverage="100%"/>
              </conditions>
            </line>
            <line number="22" hits="16" branch="false"/>
            <line number="23" hits="20772" branch="false"/>
            <line number="24" hits="499696" branch="true" condition-coverage="100% (2/2)">
              <conditions>
                <condition number="0" type="jump" coverage="100%"/>
              </conditions>
            </line>
            <line number="25" hits="478936" branch="true" condition-coverage="50% (1/2)">
              <conditions>
                <condition number="0" type="jump" coverage="50%"/>
              </conditions>
            </line>
            <line number="26" hits="0" branch="false"/>
            <line number="27" hits="478936" branch="true" condition-coverage="75% (3/4)">
              <conditions>
                <condition number="0" type="jump" coverage="75%"/>
              </conditions>
            </line>
            <line number="28" hits="12" branch="false"/>
            <line number="30" hits="20760" branch="false"/>
          </lines>
        </class>
        <class name="ll_is_empty_c" filename="sources/ll_is_empty.c" line-rate="1.0" branch-rate="1.0" complexity="0.0">
          <methods/>
          <lines>
            <line number="10" hits="5732" branch="false"/>
            <line number="12" hits="5732" branch="true" condition-coverage="100% (2/2)">
              <conditions>
                <condition number="0" type="jump" coverage="100%"/>
              </conditions>
            </line>
            <line number="13" hits="4" branch="false"/>
            <line number="14" hits="5728" branch="false"/>
          </lines>
        </class>
        <class name="ll_move_node_c" filename="sources/ll_move_node.c" line-rate="0.7" branch-rate="0.6" complexity="0.0">
          <methods/>
          <lines>
            <line number="10" hits="1340" branch="false"/>
            <line number="12" hits="1340" branch="true" condition-coverage="75% (3/4)">
              <conditions>
                <condition number="0" type="jump" coverage="75%"/>
              </conditions>
            </line>
            <line number="13" hits="12" branch="false"/>
            <line number="14" hits="1328" branch="true" condition-coverage="50% (1/2)">
              <conditions>
                <condition number="0" type="jump" coverage="50%"/>
              </conditions>
            </line>
            <line number="15" hits="0" branch="false"/>
            <line number="16" hits="1328" branch="true" condition-coverage="50% (1/2)">
              <conditions>
                <condition number="0" type="jump" coverage="50%"/>
              </conditions>
            </line>
            <line number="17" hits="0" branch="false"/>
            <line number="18" hits="1328" branch="true" condition-coverage="50% (1/2)">
              <conditions>
                <condition number="0" type="jump" coverage="50%"/>
              </conditions>
            </line>
            <line number="19" hits="0" branch="false"/>
            <line number="20" hits="1328" branch="false"/>
          </lines>
        </class>
        <class name="ll_node_index_c" filename="sources/ll_node_index.c" line-rate="0.9655172413793104" branch-rate="0.9" complexity="0.0">
          <methods/>
          <lines>
            <line number="10" hits="1744" branch="false"/>
            <line number="12" hits="1744" branch="false"/>
            <line number="14" hits="1744" branch="true" condition-coverage="100% (2/2)">
              <conditions>
                <condition number="0" type="jump" coverage="100%"/>
              </conditions>
            </line>
            <line number="15" hits="4" branch="false"/>
            <line number="16" hits="1740" branch="false"/>
            <line number="17" hits="18780" branch="true" condition-coverage="100% (2/2)">
              <conditions>
                <condition number="0" type="jump" coverage="100%"/>
              </conditions>
            </line>
            <line number="18" hits="17224" branch="true" condition-coverage="100% (2/2)">
              <conditions>
                <condition number="0" type="jump" coverage="100%"/>
              </conditions>
            </line>
            <line number="19" hits="16928" branch="false"/>
            <line number="21" hits="296" branch="false"/>
            <line number="22" hits="17224" branch="true" condition-coverage="100% (2/2)">
              <conditions>
                <condition number="0" type="jump" coverage="100%"/>
              </conditions>
            </line>
            <line number="23" hits="184" branch="false"/>
            <line number="24" hits="17040" branch="true" condition-coverage="100% (2/2)">
              <conditions>
                <condition number="0" type="jump" coverage="100%"/>
              </conditions>
            </line>
            <line number="26" hits="1556" branch="false"/>
            <line number="29" hits="16" branch="false"/>
            <line number="31" hits="16" branch="false"/>
            <line number="33" hits="16" branch="true" condition-coverage="100% (2/2)">
              <conditions>
                <condition number="0" type="jump" coverage="100%"/>
              </conditions>
            </line>
            <line number="34" hits="12" branch="false"/>
            <line number="35" hits="4" branch="false"/>
            <line number="38" hits="1660" branch="false"/>
            <line number="40" hits="1660" branch="false"/>
            <line number="41" hits="1660" branch="false"/>
            <line number="43" hits="1660" branch="true" condition-coverage="75% (3/4)">
              <conditions>
                <condition number="0" type="jump" coverage="75%"/>
              </conditions>
            </line>
            <line number="44" hits="16" branch="false"/>
            <line number="45" hits="1644" branch="true" condition-coverage="50% (1/2)">
              <conditions>
                <condition number="0" type="jump" coverage="50%"/>
              </conditions>
            </line>
            <line number="46" hits="0" branch="false"/>
            <line number="47" hits="1644" branch="false"/>
            <line number="48" hits="21344" branch="true" condition-coverage="100% (2/2)">
              <conditions>
                <condition number="0" type="jump" coverage="100%"/>
              </conditions>
            </line>
            <line number="49" hits="19700" branch="false"/>
            <line number="50" hits="1644" branch="false"/>
          </lines>
        </class>
        <class name="ll_one_node_c" filename="sources/ll_one_node.c" line-rate="0.8888888888888888" branch-rate="0.5" complexity="0.0">
          <methods/>
          <lines>
            <line number="10" hits="4" branch="false"/>
            <line number="12" hits="4" branch="false"/>
            <line number="13" hits="4" branch="false"/>
            <line number="15" hits="4" branch="true" condition-coverage="50% (2/4)">
              <conditions>
                <condition number="0" type="jump" coverage="50%"/>
              </conditions>
            </line>
            <line number="16" hits="0" branch="false"/>
            <line number="17" hits="4" branch="false"/>
            <line number="18" hits="4" branch="false"/>
            <line number="19" hits="4" branch="false"/>
            <line number="20" hits="4" branch="false"/>
          </lines>
        </class>
        <class name="ll_print_data_c" filename="sources/ll_print_data.c" line-rate="0.9090909090909091" branch-rate="0.8333333333333334" complexity="0.0">
          <methods/>
          <lines>
            <line number="10" hits="28" branch="false"/>
            <line number="12" hits="28" branch="false"/>
            <line number="14" hits="28" branch="true" condition-coverage="100% (2/2)">
              <conditions>
                <condition number="0" type="jump" coverage="100%"/>
              </conditions>
            </line>
            <line number="15" hits="4" branch="false"/>
            <line number="16" hits="24" branch="true" condition-coverage="50% (1/2)">
              <conditions>
                <condition number="0" type="jump" coverage="50%"/>
              </conditions>
            </line>
            <line number="17" hits="0" branch="false"/>
            <line number="18" hits="24" branch="false"/>
            <line number="19" hits="24" branch="false"/>
            <line number="20" hits="120" branch="true" condition-coverage="100% (2/2)">
              <conditions>
                <condition number="0" type="jump" coverage="100%"/>
              </conditions>
            </line>
            <line number="21" hits="96" branch="false"/>
            <line number="22" hits="24" branch="false"/>
          </lines>
        </class>
        <class name="ll_remove_node_c" filename="sources/ll_remove_node.c" line-rate="0.7931034482758621" branch-rate="0.6875" complexity="0.0">
          <methods/>
          <lines>
            <line number="10" hits="1352" branch="false"/>
            <line number="12" hits="1352" branch="false"/>
            <line number="14" hits="1352" branch="true" condition-coverage="75% (3/4)">
              <conditions>
                <condition number="0" type="jump" coverage="75%"/>
              </conditions>
            </line>
            <line number="15" hits="1344" branch="true" condition-coverage="100% (2/2)">
              <conditions>
                <condition number="0" type="jump" coverage="100%"/>
              </conditions>
            </line>
            <line number="16" hits="12" branch="false"/>
            <line number="17" hits="1340" branch="false"/>
            <line number="18" hits="1340" branch="false"/>
            <line number="19" hits="1340" branch="false"/>
            <line number="20" hits="1340" branch="true" condition-coverage="100% (2/2)">
              <conditions>
                <condition number="0" type="jump" coverage="100%"/>
              </conditions>
            </line>
            <line number="21" hits="84" branch="false"/>
            <line number="22" hits="1340" branch="false"/>
            <line number="23" hits="1340" branch="false"/>
            <line number="24" hits="1340" branch="true" condition-coverage="100% (2/2)">
              <conditions>
                <condition number="0" type="jump" coverage="100%"/>
              </conditions>
            </line>
            <line number="25" hits="8" branch="false"/>
            <line number="26" hits="1340" branch="false"/>
            <line number="29" hits="0" branch="false"/>
            <line number="31" hits="0" branch="false"/>
            <line number="33" hits="0" branch="true" condition-coverage="0% (0/2)">
              <conditions>
                <condition number="0" type="jump" coverage="0%"/>
              </conditions>
            </line>
            <line number="34" hits="0" branch="false"/>
            <line number="35" hits="0" branch="false"/>
            <line number="38" hits="4" branch="false"/>
            <line number="41" hits="4" branch="false"/>
            <line number="42" hits="4" branch="false"/>
            <line number="44" hits="4" branch="true" condition-coverage="50% (1/2)">
              <conditions>
                <condition number="0" type="jump" coverage="50%"/>
              </conditions>
            </line>
            <line number="45" hits="4" branch="false"/>
            <line number="46" hits="4" branch="true" condition-coverage="50% (1/2)">
              <conditions>
                <condition number="0" type="jump" coverage="50%"/>
              </conditions>
            </line>
            <line number="47" hits="4" branch="false"/>
            <line number="48" hits="4" branch="false"/>
            <line number="51" hits="0" branch="false"/>
          </lines>
        </class>
        <class name="ll_revert_c" filename="sources/ll_revert.c" line-rate="1.0" branch-rate="1.0" complexity="0.0">
          <methods/>
          <lines>
            <line number="10" hits="20" branch="false"/>
            <line number="12" hits="20" branch="false"/>
            <line number="13" hits="20" branch="false"/>
            <line number="14" hits="20" branch="false"/>
            <line number="16" hits="20" branch="true" condition-coverage="100% (2/2)">
              <conditions>
                <condition number="0" type="jump" coverage="100%"/>
              </conditions>
            </line>
            <line number="17" hits="4" branch="false"/>
            <line number="18" hits="16" branch="true" condition-coverage="100% (2/2)">
              <conditions>
                <condition number="0" type="jump" coverage="100%"/>
              </conditions>
            </line>
            <line number="19" hits="4" branch="false"/>
            <line number="20" hits="12" branch="false"/>
            <line number="21" hits="12" branch="false"/>
            <line number="22" hits="120" branch="true" condition-coverage="100% (2/2)">
              <conditions>
                <condition number="0" type="jump" coverage="100%"/>
              </conditions>
            </line>
            <line number="23" hits="108" branch="false"/>
            <line number="24" hits="108" branch="false"/>
            <line number="25" hits="108" branch="false"/>
            <line number="27" hits="12" branch="false"/>
            <line number="28" hits="12" branch="false"/>
            <line number="29" hits="12" branch="false"/>
            <line number="30" hits="12" branch="false"/>
            <line number="31" hits="12" branch="false"/>
          </lines>
        </class>
        <class name="ll_sort_c" filename="sources/ll_sort.c" line-rate="1.0" branch-rate="1.0" complexity="0.0">
          <methods/>
          <lines>
            <line number="10" hits="1632" branch="false"/>
            <line number="13" hits="1632" branch="false"/>
            <line number="14" hits="1632" branch="false"/>
            <line number="15" hits="1632" branch="false"/>
            <line number="17" hits="1632" branch="true" condition-coverage="100% (2/2)">
              <conditions>
                <condition number="0" type="jump" coverage="100%"/>
              </conditions>
            </line>
            <line number="18" hits="1320" branch="false"/>
            <line number="19" hits="1320" branch="true" condition-coverage="100% (2/2)">
              <conditions>
                <condition number="0" type="jump" coverage="100%"/>
              </conditions>
            </line>
            <line number="20" hits="4" branch="false"/>
            <line number="21" hits="1320" branch="false"/>
            <line number="23" hits="312" branch="false"/>
            <line number="26" hits="28" branch="false"/>
            <line number="28" hits="28" branch="false"/>
            <line number="29" hits="28" branch="false"/>
            <line number="31" hits="28" branch="true" condition-coverage="100% (2/2)">
              <conditions>
                <condition number="0" type="jump" coverage="100%"/>
              </conditions>
            </line>
            <line number="32" hits="4" branch="false"/>
            <line number="33" hits="24" branch="true" condition-coverage="100% (2/2)">
              <conditions>
                <condition number="0" type="jump" coverage="100%"/>
              </conditions>
            </line>
            <line number="34" hits="8" branch="false"/>
            <line number="35" hits="16" branch="true" condition-coverage="100% (2/2)">
              <conditions>
                <condition number="0" type="jump" coverage="100%"/>
              </conditions>
            </line>
            <line number="36" hits="4" branch="false"/>
            <line number="37" hits="4" branch="false"/>
            <line number="39" hits="84" branch="true" condition-coverage="100% (2/2)">
              <conditions>
                <condition number="0" type="jump" coverage="100%"/>
              </conditions>
            </line>
            <line number="40" hits="72" branch="false"/>
            <line number="41" hits="72" branch="false"/>
            <line number="42" hits="1628" branch="true" condition-coverage="100% (2/2)">
              <conditions>
                <condition number="0" type="jump" coverage="100%"/>
              </conditions>
            </line>
            <line number="43" hits="1556" branch="true" condition-coverage="100% (2/2)">
              <conditions>
                <condition number="0" type="jump" coverage="100%"/>
              </conditions>
            </line>
            <line number="45" hits="12" branch="false"/>
            <line number="48" hits="16" branch="false"/>
            <line number="50" hits="16" branch="false"/>
            <line number="55" hits="12" branch="false"/>
            <line number="57" hits="12" branch="true" condition-coverage="100% (2/2)">
              <conditions>
                <condition number="0" type="jump" coverage="100%"/>
              </conditions>
            </line>
            <line number="58" hits="4" branch="false"/>
            <line number="59" hits="8" branch="false"/>
          </lines>
        </class>
        <class name="ll_to_array_c" filename="sources/ll_to_array.c" line-rate="0.8823529411764706" branch-rate="0.75" complexity="0.0">
          <methods/>
          <lines>
            <line number="11" hits="8" branch="false"/>
            <line number="13" hits="8" branch="false"/>
            <line number="14" hits="8" branch="false"/>
            <line number="15" hits="8" branch="false"/>
            <line number="17" hits="8" branch="true" condition-coverage="100% (2/2)">
              <conditions>
                <condition number="0" type="jump" coverage="100%"/>
              </conditions>
            </line>
            <line number="18" hits="4" branch="false"/>
            <line number="19" hits="4" branch="false"/>
            <line number="20" hits="4" branch="true" condition-coverage="50% (1/2)">
              <conditions>
                <condition number="0" type="jump" coverage="50%"/>
              </conditions>
            </line>
            <line number="21" hits="0" branch="false"/>
            <line number="22" hits="4" branch="false"/>
            <line number="23" hits="4" branch="true" condition-coverage="50% (1/2)">
              <conditions>
                <condition number="0" type="jump" coverage="50%"/>
              </conditions>
            </line>
            <line number="24" hits="0" branch="false"/>
            <line number="25" hits="16" branch="true" condition-coverage="100% (2/2)">
              <conditions>
                <condition number="0" type="jump" coverage="100%"/>
              </conditions>
            </line>
            <line number="26" hits="12" branch="false"/>
            <line number="27" hits="12" branch="false"/>
            <line number="29" hits="4" branch="false"/>
            <line number="30" hits="4" branch="false"/>
          </lines>
        </class>
      </classes>
    </package>
    <package name="sources.ll_insert" line-rate="0.9861111111111112" branch-rate="0.84375" complexity="0.0">
      <classes>
        <class name="ll_append_c" filename="sources/ll_insert/ll_append.c" line-rate="1.0" branch-rate="0.0" complexity="0.0">
          <methods/>
          <lines>
            <line number="10" hits="20" branch="false"/>
            <line number="12" hits="20" branch="false"/>
            <line number="15" hits="28" branch="false"/>
            <line number="17" hits="28" branch="false"/>
            <line number="20" hits="4" branch="false"/>
            <line number="22" hits="4" branch="false"/>
          </lines>
        </class>
        <class name="ll_insert_data_c" filename="sources/ll_insert/ll_insert_data.c" line-rate="0.8" branch-rate="0.5" complexity="0.0">
          <methods/>
          <lines>
            <line number="10" hits="56" branch="false"/>
            <line number="12" hits="56" branch="false"/>
            <line number="14" hits="56" branch="true" condition-coverage="50% (1/2)">
              <conditions>
                <condition number="0" type="jump" coverage="50%"/>
              </conditions>
            </line>
            <line number="15" hits="0" branch="false"/>
            <line number="16" hits="56" branch="false"/>
          </lines>
        </class>
        <class name="ll_insert_list_c" filename="sources/ll_insert/ll_insert_list.c" line-rate="1.0" branch-rate="0.8125" complexity="0.0">
          <methods/>
          <lines>
            <line number="10" hits="12" branch="false"/>
            <line number="12" hits="12" branch="false"/>
            <line number="13" hits="12" branch="false"/>
            <line number="15" hits="12" branch="false"/>
            <line number="16" hits="12" branch="false"/>
            <line number="17" hits="12" branch="false"/>
            <line number="18" hits="12" branch="false"/>
            <line number="19" hits="12" branch="false"/>
            <line number="20" hits="12" branch="false"/>
            <line number="22" hits="4" branch="false"/>
            <line number="24" hits="4" branch="false"/>
            <line number="26" hits="4" branch="false"/>
            <line number="27" hits="4" branch="false"/>
            <line number="28" hits="4" branch="false"/>
            <line number="29" hits="4" branch="false"/>
            <line number="30" hits="4" branch="false"/>
            <line number="32" hits="28" branch="false"/>
            <line number="34" hits="28" branch="false"/>
            <line number="36" hits="28" branch="true" condition-coverage="75% (3/4)">
              <conditions>
                <condition number="0" type="jump" coverage="75%"/>
              </conditions>
            </line>
            <line number="37" hits="4" branch="false"/>
            <line number="38" hits="24" branch="true" condition-coverage="100% (2/2)">
              <conditions>
                <condition number="0" type="jump" coverage="100%"/>
              </conditions>
            </line>
            <line number="39" hits="4" branch="false"/>
            <line number="40" hits="4" branch="false"/>
            <line number="42" hits="20" branch="true" condition-coverage="100% (2/2)">
              <conditions>
                <condition number="0" type="jump" coverage="100%"/>
              </conditions>
            </line>
            <line number="43" hits="4" branch="false"/>
            <line number="44" hits="16" branch="false"/>
            <line number="45" hits="16" branch="true" condition-coverage="75% (3/4)">
              <conditions>
                <condition number="0" type="jump" coverage="75%"/>
              </conditions>
            </line>
            <line number="46" hits="12" branch="false"/>
            <line number="48" hits="4" branch="false"/>
            <line number="49" hits="16" branch="true" condition-coverage="75% (3/4)">
              <conditions>
                <condition number="0" type="jump" coverage="75%"/>
              </conditions>
            </line>
            <line number="50" hits="4" branch="false"/>
            <line number="51" hits="16" branch="false"/>
          </lines>
        </class>
        <class name="ll_insert_node_c" filename="sources/ll_insert/ll_insert_node.c" line-rate="1.0" branch-rate="0.9285714285714286" complexity="0.0">
          <methods/>
          <lines>
            <line number="10" hits="1680" branch="false"/>
            <line number="12" hits="1680" branch="false"/>
            <line number="14" hits="1680" branch="true" condition-coverage="100% (4/4)">
              <conditions>
                <condition number="0" type="jump" coverage="100%"/>
              </conditions>
            </line>
            <line number="15" hits="1284" branch="false"/>
            <line number="16" hits="1284" branch="false"/>
            <line number="17" hits="1284" branch="false"/>
            <line number="18" hits="1284" branch="false"/>
            <line number="20" hits="396" branch="false"/>
            <line number="21" hits="396" branch="false"/>
            <line number="22" hits="396" branch="false"/>
            <line number="23" hits="396" branch="false"/>
            <line number="25" hits="1680" branch="false"/>
            <line number="27" hits="1908" branch="false"/>
            <line number="29" hits="1908" branch="true" condition-coverage="100% (4/4)">
              <conditions>
                <condition number="0" type="jump" coverage="100%"/>
              </conditions>
            </line>
            <line number="30" hits="176" branch="false"/>
            <line number="31" hits="176" branch="false"/>
            <line number="32" hits="176" branch="false"/>
            <line number="33" hits="176" branch="false"/>
            <line number="35" hits="1732" branch="true" condition-coverage="75% (3/4)">
              <conditions>
                <condition number="0" type="jump" coverage="75%"/>
              </conditions>
            </line>
            <line number="36" hits="52" branch="false"/>
            <line number="37" hits="1680" branch="false"/>
            <line number="38" hits="1680" branch="true" condition-coverage="100% (2/2)">
              <conditions>
                <condition number="0" type="jump" coverage="100%"/>
              </conditions>
            </line>
            <line number="39" hits="1680" branch="false"/>
          </lines>
        </class>
        <class name="ll_push_front_c" filename="sources/ll_insert/ll_push_front.c" line-rate="1.0" branch-rate="0.0" complexity="0.0">
          <methods/>
          <lines>
            <line number="10" hits="8" branch="false"/>
            <line number="12" hits="8" branch="false"/>
            <line number="15" hits="12" branch="false"/>
            <line number="17" hits="12" branch="false"/>
            <line number="20" hits="8" branch="false"/>
            <line number="22" hits="8" branch="false"/>
          </lines>
        </class>
      </classes>
    </package>
    <package name="tests" line-rate="1.0" branch-rate="0.303862660944206" complexity="0.0">
      <classes>
        <class name="test_add_list_c" filename="tests/test_add_list.c" line-rate="1.0" branch-rate="0.3" complexity="0.0">
          <methods/>
          <lines>
            <line number="14" hits="16" branch="false"/>
            <line number="16" hits="8" branch="false"/>
            <line number="17" hits="8" branch="false"/>
            <line number="18" hits="8" branch="false"/>
            <line number="19" hits="8" branch="false"/>
            <line number="20" hits="8" branch="false"/>
            <line number="21" hits="8" branch="false"/>
            <line number="22" hits="8" branch="false"/>
            <line number="23" hits="8" branch="false"/>
            <line number="25" hits="8" branch="false"/>
            <line number="26" hits="8" branch="false"/>
            <line number="27" hits="8" branch="false"/>
            <line number="28" hits="8" branch="false"/>
            <line number="29" hits="8" branch="false"/>
            <line number="30" hits="8" branch="false"/>
            <line number="31" hits="8" branch="false"/>
            <line number="32" hits="8" branch="true" condition-coverage="30% (3/10)">
              <conditions>
                <condition number="0" type="jump" coverage="30%"/>
              </conditions>
            </line>
            <line number="33" hits="8" branch="false"/>
            <line number="35" hits="16" branch="false"/>
            <line number="37" hits="8" branch="false"/>
            <line number="38" hits="8" branch="false"/>
            <line number="39" hits="8" branch="false"/>
            <line number="40" hits="8" branch="false"/>
            <line number="41" hits="8" branch="false"/>
            <line number="42" hits="8" branch="false"/>
            <line number="43" hits="8" branch="false"/>
            <line number="44" hits="8" branch="false"/>
            <line number="46" hits="8" branch="false"/>
            <line number="47" hits="8" branch="false"/>
            <line number="48" hits="8" branch="false"/>
            <line number="49" hits="8" branch="false"/>
            <line number="50" hits="8" branch="false"/>
            <line number="51" hits="8" branch="false"/>
            <line number="52" hits="8" branch="true" condition-coverage="30% (3/10)">
              <conditions>
                <condition number="0" type="jump" coverage="30%"/>
              </conditions>
            </line>
            <line number="53" hits="8" branch="true" condition-coverage="30% (3/10)">
              <conditions>
                <condition number="0" type="jump" coverage="30%"/>
              </conditions>
            </line>
            <line number="54" hits="8" branch="true" condition-coverage="30% (3/10)">
              <conditions>
                <condition number="0" type="jump" coverage="30%"/>
              </conditions>
            </line>
            <line number="55" hits="8" branch="false"/>
            <line number="56" hits="8" branch="true" condition-coverage="30% (3/10)">
              <conditions>
                <condition number="0" type="jump" coverage="30%"/>
              </conditions>
            </line>
            <line number="57" hits="8" branch="false"/>
            <line number="59" hits="16" branch="false"/>
            <line number="61" hits="8" branch="false"/>
            <line number="62" hits="8" branch="false"/>
            <line number="63" hits="8" branch="false"/>
            <line number="64" hits="8" branch="false"/>
            <line number="65" hits="8" branch="false"/>
            <line number="66" hits="8" branch="false"/>
            <line number="67" hits="8" branch="false"/>
            <line number="68" hits="8" branch="false"/>
            <line number="70" hits="8" branch="false"/>
            <line number="71" hits="8" branch="false"/>
            <line number="72" hits="8" branch="false"/>
            <line number="73" hits="8" branch="false"/>
            <line number="74" hits="8" branch="false"/>
            <line number="75" hits="8" branch="false"/>
            <line number="76" hits="8" branch="true" condition-coverage="30% (3/10)">
              <conditions>
                <condition number="0" type="jump" coverage="30%"/>
              </conditions>
            </line>
            <line number="77" hits="8" branch="true" condition-coverage="30% (3/10)">
              <conditions>
                <condition number="0" type="jump" coverage="30%"/>
              </conditions>
            </line>
            <line number="78" hits="8" branch="false"/>
            <line number="79" hits="8" branch="true" condition-coverage="30% (3/10)">
              <conditions>
                <condition number="0" type="jump" coverage="30%"/>
              </conditions>
            </line>
            <line number="80" hits="8" branch="false"/>
            <line number="82" hits="16" branch="false"/>
            <line number="84" hits="8" branch="false"/>
            <line number="85" hits="8" branch="false"/>
            <line number="86" hits="8" branch="false"/>
            <line number="87" hits="8" branch="false"/>
            <line number="88" hits="8" branch="false"/>
            <line number="89" hits="8" branch="false"/>
            <line number="90" hits="8" branch="false"/>
            <line number="91" hits="8" branch="false"/>
            <line number="93" hits="8" branch="false"/>
            <line number="94" hits="8" branch="false"/>
            <line number="95" hits="8" branch="false"/>
            <line number="96" hits="8" branch="false"/>
            <line number="97" hits="8" branch="false"/>
            <line number="98" hits="8" branch="false"/>
            <line number="99" hits="8" branch="true" condition-coverage="30% (3/10)">
              <conditions>
                <condition number="0" type="jump" coverage="30%"/>
              </conditions>
            </line>
            <line number="100" hits="8" branch="true" condition-coverage="30% (3/10)">
              <conditions>
                <condition number="0" type="jump" coverage="30%"/>
              </conditions>
            </line>
            <line number="101" hits="8" branch="false"/>
            <line number="102" hits="8" branch="true" condition-coverage="30% (3/10)">
              <conditions>
                <condition number="0" type="jump" coverage="30%"/>
              </conditions>
            </line>
            <line number="103" hits="8" branch="false"/>
            <line number="105" hits="16" branch="false"/>
            <line number="107" hits="8" branch="false"/>
            <line number="108" hits="8" branch="false"/>
            <line number="110" hits="8" branch="false"/>
            <line number="111" hits="8" branch="false"/>
            <line number="112" hits="8" branch="false"/>
            <line number="113" hits="8" branch="false"/>
            <line number="114" hits="8" branch="false"/>
            <line number="115" hits="8" branch="false"/>
            <line number="116" hits="8" branch="true" condition-coverage="30% (3/10)">
              <conditions>
                <condition number="0" type="jump" coverage="30%"/>
              </conditions>
            </line>
            <line number="117" hits="8" branch="true" condition-coverage="30% (3/10)">
              <conditions>
                <condition number="0" type="jump" coverage="30%"/>
              </conditions>
            </line>
            <line number="118" hits="8" branch="true" condition-coverage="30% (3/10)">
              <conditions>
                <condition number="0" type="jump" coverage="30%"/>
              </conditions>
            </line>
            <line number="119" hits="8" branch="false"/>
            <line number="120" hits="8" branch="true" condition-coverage="30% (3/10)">
              <conditions>
                <condition number="0" type="jump" coverage="30%"/>
              </conditions>
            </line>
            <line number="121" hits="8" branch="false"/>
            <line number="123" hits="16" branch="false"/>
            <line number="125" hits="8" branch="false"/>
            <line number="126" hits="8" branch="false"/>
            <line number="128" hits="8" branch="false"/>
            <line number="129" hits="8" branch="false"/>
            <line number="130" hits="8" branch="false"/>
            <line number="131" hits="8" branch="true" condition-coverage="30% (3/10)">
              <conditions>
                <condition number="0" type="jump" coverage="30%"/>
              </conditions>
            </line>
            <line number="132" hits="8" branch="true" condition-coverage="30% (3/10)">
              <conditions>
                <condition number="0" type="jump" coverage="30%"/>
              </conditions>
            </line>
            <line number="133" hits="8" branch="true" condition-coverage="30% (3/10)">
              <conditions>
                <condition number="0" type="jump" coverage="30%"/>
              </conditions>
            </line>
            <line number="134" hits="8" branch="false"/>
            <line number="135" hits="8" branch="true" condition-coverage="30% (3/10)">
              <conditions>
                <condition number="0" type="jump" coverage="30%"/>
              </conditions>
            </line>
            <line number="136" hits="8" branch="false"/>
            <line number="138" hits="16" branch="false"/>
            <line number="140" hits="8" branch="true" condition-coverage="30% (3/10)">
              <conditions>
                <condition number="0" type="jump" coverage="30%"/>
              </conditions>
            </line>
            <line number="141" hits="8" branch="false"/>
          </lines>
        </class>
        <class name="test_add_node_c" filename="tests/test_add_node.c" line-rate="1.0" branch-rate="0.3" complexity="0.0">
          <methods/>
          <lines>
            <line number="11" hits="16" branch="false"/>
            <line number="13" hits="8" branch="false"/>
            <line number="14" hits="8" branch="false"/>
            <line number="15" hits="8" branch="false"/>
            <line number="17" hits="8" branch="true" condition-coverage="30% (3/10)">
              <conditions>
                <condition number="0" type="jump" coverage="30%"/>
              </conditions>
            </line>
            <line number="18" hits="8" branch="false"/>
            <line number="19" hits="8" branch="true" condition-coverage="30% (3/10)">
              <conditions>
                <condition number="0" type="jump" coverage="30%"/>
              </conditions>
            </line>
            <line number="20" hits="8" branch="true" condition-coverage="30% (3/10)">
              <conditions>
                <condition number="0" type="jump" coverage="30%"/>
              </conditions>
            </line>
            <line number="21" hits="8" branch="true" condition-coverage="30% (3/10)">
              <conditions>
                <condition number="0" type="jump" coverage="30%"/>
              </conditions>
            </line>
            <line number="22" hits="8" branch="true" condition-coverage="30% (3/10)">
              <conditions>
                <condition number="0" type="jump" coverage="30%"/>
              </conditions>
            </line>
            <line number="23" hits="8" branch="true" condition-coverage="30% (3/10)">
              <conditions>
                <condition number="0" type="jump" coverage="30%"/>
              </conditions>
            </line>
            <line number="24" hits="8" branch="false"/>
            <line number="26" hits="16" branch="false"/>
            <line number="28" hits="8" branch="false"/>
            <line number="29" hits="8" branch="false"/>
            <line number="30" hits="8" branch="false"/>
            <line number="31" hits="8" branch="false"/>
            <line number="33" hits="8" branch="true" condition-coverage="30% (3/10)">
              <conditions>
                <condition number="0" type="jump" coverage="30%"/>
              </conditions>
            </line>
            <line number="34" hits="8" branch="true" condition-coverage="30% (3/10)">
              <conditions>
                <condition number="0" type="jump" coverage="30%"/>
              </conditions>
            </line>
            <line number="35" hits="8" branch="true" condition-coverage="30% (3/10)">
              <conditions>
                <condition number="0" type="jump" coverage="30%"/>
              </conditions>
            </line>
            <line number="36" hits="8" branch="true" condition-coverage="30% (3/10)">
              <conditions>
                <condition number="0" type="jump" coverage="30%"/>
              </conditions>
            </line>
            <line number="37" hits="8" branch="true" condition-coverage="30% (3/10)">
              <conditions>
                <condition number="0" type="jump" coverage="30%"/>
              </conditions>
            </line>
            <line number="38" hits="8" branch="true" condition-coverage="30% (3/10)">
              <conditions>
                <condition number="0" type="jump" coverage="30%"/>
              </conditions>
            </line>
            <line number="39" hits="8" branch="true" condition-coverage="30% (3/10)">
              <conditions>
                <condition number="0" type="jump" coverage="30%"/>
              </conditions>
            </line>
            <line number="40" hits="8" branch="true" condition-coverage="30% (3/10)">
              <conditions>
                <condition number="0" type="jump" coverage="30%"/>
              </conditions>
            </line>
            <line number="41" hits="8" branch="true" condition-coverage="30% (3/10)">
              <conditions>
                <condition number="0" type="jump" coverage="30%"/>
              </conditions>
            </line>
            <line number="42" hits="8" branch="true" condition-coverage="30% (3/10)">
              <conditions>
                <condition number="0" type="jump" coverage="30%"/>
              </conditions>
            </line>
            <line number="43" hits="8" branch="true" condition-coverage="30% (3/10)">
              <conditions>
                <condition number="0" type="jump" coverage="30%"/>
              </conditions>
            </line>
            <line number="44" hits="8" branch="true" condition-coverage="30% (3/10)">
              <conditions>
                <condition number="0" type="jump" coverage="30%"/>
              </conditions>
            </line>
            <line number="45" hits="8" branch="true" condition-coverage="30% (3/10)">
              <conditions>
                <condition number="0" type="jump" coverage="30%"/>
              </conditions>
            </line>
            <line number="46" hits="8" branch="true" condition-coverage="30% (3/10)">
              <conditions>
                <condition number="0" type="jump" coverage="30%"/>
              </conditions>
            </line>
            <line number="47" hits="8" branch="false"/>
            <line number="48" hits="8" branch="true" condition-coverage="30% (3/10)">
              <conditions>
                <condition number="0" type="jump" coverage="30%"/>
              </conditions>
            </line>
            <line number="49" hits="8" branch="false"/>
            <line number="51" hits="16" branch="false"/>
            <line number="53" hits="8" branch="false"/>
            <line number="54" hits="8" branch="false"/>
            <line number="55" hits="8" branch="false"/>
            <line number="56" hits="8" branch="false"/>
            <line number="58" hits="8" branch="true" condition-coverage="30% (3/10)">
              <conditions>
                <condition number="0" type="jump" coverage="30%"/>
              </conditions>
            </line>
            <line number="59" hits="8" branch="true" condition-coverage="30% (3/10)">
              <conditions>
                <condition number="0" type="jump" coverage="30%"/>
              </conditions>
            </line>
            <line number="60" hits="8" branch="true" condition-coverage="30% (3/10)">
              <conditions>
                <condition number="0" type="jump" coverage="30%"/>
              </conditions>
            </line>
            <line number="61" hits="8" branch="true" condition-coverage="30% (3/10)">
              <conditions>
                <condition number="0" type="jump" coverage="30%"/>
              </conditions>
            </line>
            <line number="62" hits="8" branch="true" condition-coverage="30% (3/10)">
              <conditions>
                <condition number="0" type="jump" coverage="30%"/>
              </conditions>
            </line>
            <line number="63" hits="8" branch="true" condition-coverage="30% (3/10)">
              <conditions>
                <condition number="0" type="jump" coverage="30%"/>
              </conditions>
            </line>
            <line number="64" hits="8" branch="true" condition-coverage="30% (3/10)">
              <conditions>
                <condition number="0" type="jump" coverage="30%"/>
              </conditions>
            </line>
            <line number="65" hits="8" branch="true" condition-coverage="30% (3/10)">
              <conditions>
                <condition number="0" type="jump" coverage="30%"/>
              </conditions>
            </line>
            <line number="66" hits="8" branch="true" condition-coverage="30% (3/10)">
              <conditions>
                <condition number="0" type="jump" coverage="30%"/>
              </conditions>
            </line>
            <line number="67" hits="8" branch="true" condition-coverage="30% (3/10)">
              <conditions>
                <condition number="0" type="jump" coverage="30%"/>
              </conditions>
            </line>
            <line number="68" hits="8" branch="true" condition-coverage="30% (3/10)">
              <conditions>
                <condition number="0" type="jump" coverage="30%"/>
              </conditions>
            </line>
            <line number="69" hits="8" branch="true" condition-coverage="30% (3/10)">
              <conditions>
                <condition number="0" type="jump" coverage="30%"/>
              </conditions>
            </line>
            <line number="70" hits="8" branch="true" condition-coverage="30% (3/10)">
              <conditions>
                <condition number="0" type="jump" coverage="30%"/>
              </conditions>
            </line>
            <line number="71" hits="8" branch="false"/>
            <line number="72" hits="8" branch="false"/>
            <line number="74" hits="16" branch="false"/>
            <line number="76" hits="8" branch="false"/>
            <line number="77" hits="8" branch="false"/>
            <line number="78" hits="8" branch="false"/>
            <line number="79" hits="8" branch="false"/>
            <line number="81" hits="8" branch="true" condition-coverage="30% (3/10)">
              <conditions>
                <condition number="0" type="jump" coverage="30%"/>
              </conditions>
            </line>
            <line number="82" hits="8" branch="true" condition-coverage="30% (3/10)">
              <conditions>
                <condition number="0" type="jump" coverage="30%"/>
              </conditions>
            </line>
            <line number="83" hits="8" branch="true" condition-coverage="30% (3/10)">
              <conditions>
                <condition number="0" type="jump" coverage="30%"/>
              </conditions>
            </line>
            <line number="84" hits="8" branch="true" condition-coverage="30% (3/10)">
              <conditions>
                <condition number="0" type="jump" coverage="30%"/>
              </conditions>
            </line>
            <line number="85" hits="8" branch="true" condition-coverage="30% (3/10)">
              <conditions>
                <condition number="0" type="jump" coverage="30%"/>
              </conditions>
            </line>
            <line number="86" hits="8" branch="true" condition-coverage="30% (3/10)">
              <conditions>
                <condition number="0" type="jump" coverage="30%"/>
              </conditions>
            </line>
            <line number="87" hits="8" branch="true" condition-coverage="30% (3/10)">
              <conditions>
                <condition number="0" type="jump" coverage="30%"/>
              </conditions>
            </line>
            <line number="88" hits="8" branch="true" condition-coverage="30% (3/10)">
              <conditions>
                <condition number="0" type="jump" coverage="30%"/>
              </conditions>
            </line>
            <line number="89" hits="8" branch="true" condition-coverage="30% (3/10)">
              <conditions>
                <condition number="0" type="jump" coverage="30%"/>
              </conditions>
            </line>
            <line number="90" hits="8" branch="true" condition-coverage="30% (3/10)">
              <conditions>
                <condition number="0" type="jump" coverage="30%"/>
              </conditions>
            </line>
            <line number="91" hits="8" branch="true" condition-coverage="30% (3/10)">
              <conditions>
                <condition number="0" type="jump" coverage="30%"/>
              </conditions>
            </line>
            <line number="92" hits="8" branch="true" condition-coverage="30% (3/10)">
              <conditions>
                <condition number="0" type="jump" coverage="30%"/>
              </conditions>
            </line>
            <line number="93" hits="8" branch="true" condition-coverage="30% (3/10)">
              <conditions>
                <condition number="0" type="jump" coverage="30%"/>
              </conditions>
            </line>
            <line number="94" hits="8" branch="false"/>
            <line number="96" hits="16" branch="false"/>
            <line number="98" hits="8" branch="false"/>
            <line number="99" hits="8" branch="false"/>
            <line number="100" hits="8" branch="false"/>
            <line number="101" hits="8" branch="false"/>
            <line number="103" hits="8" branch="true" condition-coverage="30% (3/10)">
              <conditions>
                <condition number="0" type="jump" coverage="30%"/>
              </conditions>
            </line>
            <line number="104" hits="8" branch="true" condition-coverage="30% (3/10)">
              <conditions>
                <condition number="0" type="jump" coverage="30%"/>
              </conditions>
            </line>
            <line number="105" hits="8" branch="true" condition-coverage="30% (3/10)">
              <conditions>
                <condition number="0" type="jump" coverage="30%"/>
              </conditions>
            </line>
            <line number="106" hits="8" branch="true" condition-coverage="30% (3/10)">
              <conditions>
                <condition number="0" type="jump" coverage="30%"/>
              </conditions>
            </line>
            <line number="107" hits="8" branch="true" condition-coverage="30% (3/10)">
              <conditions>
                <condition number="0" type="jump" coverage="30%"/>
              </conditions>
            </line>
            <line number="108" hits="8" branch="true" condition-coverage="30% (3/10)">
              <conditions>
                <condition number="0" type="jump" coverage="30%"/>
              </conditions>
            </line>
            <line number="109" hits="8" branch="true" condition-coverage="30% (3/10)">
              <conditions>
                <condition number="0" type="jump" coverage="30%"/>
              </conditions>
            </line>
            <line number="110" hits="8" branch="true" condition-coverage="30% (3/10)">
              <conditions>
                <condition number="0" type="jump" coverage="30%"/>
              </conditions>
            </line>
            <line number="111" hits="8" branch="true" condition-coverage="30% (3/10)">
              <conditions>
                <condition number="0" type="jump" coverage="30%"/>
              </conditions>
            </line>
            <line number="112" hits="8" branch="true" condition-coverage="30% (3/10)">
              <conditions>
                <condition number="0" type="jump" coverage="30%"/>
              </conditions>
            </line>
            <line number="113" hits="8" branch="true" condition-coverage="30% (3/10)">
              <conditions>
                <condition number="0" type="jump" coverage="30%"/>
              </conditions>
            </line>
            <line number="114" hits="8" branch="true" condition-coverage="30% (3/10)">
              <conditions>
                <condition number="0" type="jump" coverage="30%"/>
              </conditions>
            </line>
            <line number="115" hits="8" branch="true" condition-coverage="30% (3/10)">
              <conditions>
                <condition number="0" type="jump" coverage="30%"/>
              </conditions>
            </line>
            <line number="116" hits="8" branch="false"/>
          </lines>
        </class>
        <class name="test_create_node_c" filename="tests/test_create_node.c" line-rate="1.0" branch-rate="0.3125" complexity="0.0">
          <methods/>
          <lines>
            <line number="11" hits="16" branch="false"/>
            <line number="13" hits="8" branch="false"/>
            <line number="15" hits="8" branch="true" condition-coverage="30% (3/10)">
              <conditions>
                <condition number="0" type="jump" coverage="30%"/>
              </conditions>
            </line>
            <line number="16" hits="8" branch="true" condition-coverage="30% (3/10)">
              <conditions>
                <condition number="0" type="jump" coverage="30%"/>
              </conditions>
            </line>
            <line number="17" hits="8" branch="true" condition-coverage="30% (3/10)">
              <conditions>
                <condition number="0" type="jump" coverage="30%"/>
              </conditions>
            </line>
            <line number="18" hits="8" branch="true" condition-coverage="30% (3/10)">
              <conditions>
                <condition number="0" type="jump" coverage="30%"/>
              </conditions>
            </line>
            <line number="19" hits="8" branch="false"/>
            <line number="21" hits="16" branch="false"/>
            <line number="23" hits="8" branch="false"/>
            <line number="24" hits="8" branch="false"/>
            <line number="26" hits="8" branch="true" condition-coverage="30% (3/10)">
              <conditions>
                <condition number="0" type="jump" coverage="30%"/>
              </conditions>
            </line>
            <line number="27" hits="8" branch="true" condition-coverage="30% (3/10)">
              <conditions>
                <condition number="0" type="jump" coverage="30%"/>
              </conditions>
            </line>
            <line number="28" hits="8" branch="true" condition-coverage="30% (3/10)">
              <conditions>
                <condition number="0" type="jump" coverage="30%"/>
              </conditions>
            </line>
            <line number="29" hits="8" branch="true" condition-coverage="37% (6/16)">
              <conditions>
                <condition number="0" type="jump" coverage="37%"/>
              </conditions>
            </line>
            <line number="30" hits="8" branch="true" condition-coverage="30% (3/10)">
              <conditions>
                <condition number="0" type="jump" coverage="30%"/>
              </conditions>
            </line>
            <line number="31" hits="8" branch="false"/>
          </lines>
        </class>
        <class name="test_free_list_c" filename="tests/test_free_list.c" line-rate="1.0" branch-rate="0.3" complexity="0.0">
          <methods/>
          <lines>
            <line number="12" hits="16" branch="false"/>
            <line number="14" hits="8" branch="false"/>
            <line number="15" hits="8" branch="false"/>
            <line number="16" hits="8" branch="false"/>
            <line number="17" hits="8" branch="false"/>
            <line number="19" hits="8" branch="false"/>
            <line number="20" hits="8" branch="false"/>
            <line number="21" hits="8" branch="false"/>
            <line number="22" hits="8" branch="true" condition-coverage="30% (3/10)">
              <conditions>
                <condition number="0" type="jump" coverage="30%"/>
              </conditions>
            </line>
            <line number="23" hits="8" branch="false"/>
            <line number="25" hits="16" branch="false"/>
            <line number="27" hits="8" branch="false"/>
            <line number="29" hits="8" branch="true" condition-coverage="30% (3/10)">
              <conditions>
                <condition number="0" type="jump" coverage="30%"/>
              </conditions>
            </line>
            <line number="30" hits="8" branch="false"/>
            <line number="32" hits="16" branch="false"/>
            <line number="34" hits="8" branch="false"/>
            <line number="36" hits="8" branch="true" condition-coverage="30% (3/10)">
              <conditions>
                <condition number="0" type="jump" coverage="30%"/>
              </conditions>
            </line>
            <line number="37" hits="8" branch="false"/>
            <line number="39" hits="16" branch="false"/>
            <line number="41" hits="8" branch="false"/>
            <line number="42" hits="8" branch="false"/>
            <line number="43" hits="8" branch="false"/>
            <line number="44" hits="8" branch="false"/>
            <line number="45" hits="8" branch="false"/>
            <line number="46" hits="8" branch="false"/>
            <line number="47" hits="8" branch="false"/>
            <line number="49" hits="8" branch="false"/>
            <line number="50" hits="8" branch="false"/>
            <line number="51" hits="8" branch="false"/>
            <line number="52" hits="8" branch="true" condition-coverage="30% (3/10)">
              <conditions>
                <condition number="0" type="jump" coverage="30%"/>
              </conditions>
            </line>
            <line number="53" hits="8" branch="false"/>
            <line number="55" hits="16" branch="false"/>
            <line number="57" hits="8" branch="false"/>
            <line number="58" hits="8" branch="false"/>
            <line number="59" hits="8" branch="false"/>
            <line number="60" hits="8" branch="false"/>
            <line number="62" hits="8" branch="false"/>
            <line number="63" hits="8" branch="false"/>
            <line number="64" hits="8" branch="false"/>
            <line number="65" hits="8" branch="false"/>
            <line number="66" hits="8" branch="true" condition-coverage="30% (3/10)">
              <conditions>
                <condition number="0" type="jump" coverage="30%"/>
              </conditions>
            </line>
            <line number="67" hits="8" branch="false"/>
          </lines>
        </class>
        <class name="test_free_node_and_data_c" filename="tests/test_free_node_and_data.c" line-rate="1.0" branch-rate="0.3" complexity="0.0">
          <methods/>
          <lines>
            <line number="12" hits="16" branch="false"/>
            <line number="14" hits="8" branch="false"/>
            <line number="15" hits="8" branch="false"/>
            <line number="17" hits="8" branch="true" condition-coverage="30% (3/10)">
              <conditions>
                <condition number="0" type="jump" coverage="30%"/>
              </conditions>
            </line>
            <line number="18" hits="8" branch="true" condition-coverage="30% (3/10)">
              <conditions>
                <condition number="0" type="jump" coverage="30%"/>
              </conditions>
            </line>
            <line number="19" hits="8" branch="false"/>
            <line number="21" hits="16" branch="false"/>
            <line number="23" hits="8" branch="false"/>
            <line number="25" hits="8" branch="true" condition-coverage="30% (3/10)">
              <conditions>
                <condition number="0" type="jump" coverage="30%"/>
              </conditions>
            </line>
            <line number="26" hits="8" branch="true" condition-coverage="30% (3/10)">
              <conditions>
                <condition number="0" type="jump" coverage="30%"/>
              </conditions>
            </line>
            <line number="27" hits="8" branch="false"/>
            <line number="29" hits="16" branch="false"/>
            <line number="31" hits="8" branch="false"/>
            <line number="33" hits="8" branch="true" condition-coverage="30% (3/10)">
              <conditions>
                <condition number="0" type="jump" coverage="30%"/>
              </conditions>
            </line>
            <line number="34" hits="8" branch="true" condition-coverage="30% (3/10)">
              <conditions>
                <condition number="0" type="jump" coverage="30%"/>
              </conditions>
            </line>
            <line number="35" hits="8" branch="false"/>
            <line number="37" hits="16" branch="false"/>
            <line number="39" hits="8" branch="true" condition-coverage="30% (3/10)">
              <conditions>
                <condition number="0" type="jump" coverage="30%"/>
              </conditions>
            </line>
            <line number="40" hits="8" branch="false"/>
          </lines>
        </class>
        <class name="test_free_node_c" filename="tests/test_free_node.c" line-rate="1.0" branch-rate="0.3" complexity="0.0">
          <methods/>
          <lines>
            <line number="11" hits="16" branch="false"/>
            <line number="13" hits="8" branch="false"/>
            <line number="15" hits="8" branch="true" condition-coverage="30% (3/10)">
              <conditions>
                <condition number="0" type="jump" coverage="30%"/>
              </conditions>
            </line>
            <line number="16" hits="8" branch="true" condition-coverage="30% (3/10)">
              <conditions>
                <condition number="0" type="jump" coverage="30%"/>
              </conditions>
            </line>
            <line number="17" hits="8" branch="false"/>
            <line number="19" hits="16" branch="false"/>
            <line number="21" hits="8" branch="false"/>
            <line number="23" hits="8" branch="true" condition-coverage="30% (3/10)">
              <conditions>
                <condition number="0" type="jump" coverage="30%"/>
              </conditions>
            </line>
            <line number="24" hits="8" branch="true" condition-coverage="30% (3/10)">
              <conditions>
                <condition number="0" type="jump" coverage="30%"/>
              </conditions>
            </line>
            <line number="25" hits="8" branch="false"/>
            <line number="27" hits="16" branch="false"/>
            <line number="29" hits="8" branch="true" condition-coverage="30% (3/10)">
              <conditions>
                <condition number="0" type="jump" coverage="30%"/>
              </conditions>
            </line>
            <line number="30" hits="8" branch="false"/>
          </lines>
        </class>
        <class name="test_from_array_c" filename="tests/test_from_array.c" line-rate="1.0" branch-rate="0.3" complexity="0.0">
          <methods/>
          <lines>
            <line number="11" hits="16" branch="false"/>
            <line number="13" hits="8" branch="false"/>
            <line number="14" hits="8" branch="false"/>
            <line number="15" hits="8" branch="false"/>
            <line number="17" hits="8" branch="true" condition-coverage="30% (3/10)">
              <conditions>
                <condition number="0" type="jump" coverage="30%"/>
              </conditions>
            </line>
            <line number="18" hits="8" branch="true" condition-coverage="30% (3/10)">
              <conditions>
                <condition number="0" type="jump" coverage="30%"/>
              </conditions>
            </line>
            <line number="19" hits="8" branch="true" condition-coverage="30% (3/10)">
              <conditions>
                <condition number="0" type="jump" coverage="30%"/>
              </conditions>
            </line>
            <line number="20" hits="8" branch="true" condition-coverage="30% (3/10)">
              <conditions>
                <condition number="0" type="jump" coverage="30%"/>
              </conditions>
            </line>
            <line number="21" hits="8" branch="true" condition-coverage="30% (3/10)">
              <conditions>
                <condition number="0" type="jump" coverage="30%"/>
              </conditions>
            </line>
            <line number="22" hits="8" branch="true" condition-coverage="30% (3/10)">
              <conditions>
                <condition number="0" type="jump" coverage="30%"/>
              </conditions>
            </line>
            <line number="23" hits="8" branch="true" condition-coverage="30% (3/10)">
              <conditions>
                <condition number="0" type="jump" coverage="30%"/>
              </conditions>
            </line>
            <line number="24" hits="8" branch="false"/>
            <line number="26" hits="16" branch="false"/>
            <line number="28" hits="8" branch="false"/>
            <line number="30" hits="8" branch="true" condition-coverage="30% (3/10)">
              <conditions>
                <condition number="0" type="jump" coverage="30%"/>
              </conditions>
            </line>
            <line number="31" hits="8" branch="false"/>
            <line number="33" hits="16" branch="false"/>
            <line number="35" hits="8" branch="false"/>
            <line number="36" hits="8" branch="false"/>
            <line number="37" hits="8" branch="false"/>
            <line number="39" hits="8" branch="true" condition-coverage="30% (3/10)">
              <conditions>
                <condition number="0" type="jump" coverage="30%"/>
              </conditions>
            </line>
            <line number="40" hits="8" branch="false"/>
          </lines>
        </class>
        <class name="test_has_node_c" filename="tests/test_has_node.c" line-rate="1.0" branch-rate="0.3" complexity="0.0">
          <methods/>
          <lines>
            <line number="11" hits="16" branch="false"/>
            <line number="13" hits="8" branch="false"/>
            <line number="14" hits="8" branch="false"/>
            <line number="15" hits="8" branch="false"/>
            <line number="16" hits="8" branch="false"/>
            <line number="18" hits="8" branch="false"/>
            <line number="19" hits="8" branch="false"/>
            <line number="20" hits="8" branch="false"/>
            <line number="21" hits="8" branch="true" condition-coverage="30% (3/10)">
              <conditions>
                <condition number="0" type="jump" coverage="30%"/>
              </conditions>
            </line>
            <line number="22" hits="8" branch="true" condition-coverage="30% (3/10)">
              <conditions>
                <condition number="0" type="jump" coverage="30%"/>
              </conditions>
            </line>
            <line number="23" hits="8" branch="true" condition-coverage="30% (3/10)">
              <conditions>
[...]
              </conditions>
            </line>
            <line number="32" hits="8" branch="false"/>
            <line number="34" hits="16" branch="false"/>
            <line number="36" hits="8" branch="false"/>
            <line number="37" hits="8" branch="false"/>
            <line number="38" hits="8" branch="false"/>
            <line number="39" hits="8" branch="false"/>
            <line number="41" hits="8" branch="false"/>
            <line number="42" hits="8" branch="false"/>
            <line number="43" hits="8" branch="false"/>
            <line number="44" hits="8" branch="true" condition-coverage="30% (3/10)">
              <conditions>
                <condition number="0" type="jump" coverage="30%"/>
              </conditions>
            </line>
            <line number="45" hits="8" branch="true" condition-coverage="30% (3/10)">
              <conditions>
                <condition number="0" type="jump" coverage="30%"/>
              </conditions>
            </line>
            <line number="46" hits="8" branch="true" condition-coverage="30% (3/10)">
              <conditions>
                <condition number="0" type="jump" coverage="30%"/>
              </conditions>
            </line>
            <line number="47" hits="8" branch="true" condition-coverage="30% (3/10)">
              <conditions>
                <condition number="0" type="jump" coverage="30%"/>
              </conditions>
            </line>
            <line number="48" hits="8" branch="true" condition-coverage="30% (3/10)">
              <conditions>
                <condition number="0" type="jump" coverage="30%"/>
              </conditions>
            </line>
            <line number="49" hits="8" branch="true" condition-coverage="30% (3/10)">
              <conditions>
                <condition number="0" type="jump" coverage="30%"/>
              </conditions>
            </line>
            <line number="50" hits="8" branch="true" condition-coverage="30% (3/10)">
              <conditions>
                <condition number="0" type="jump" coverage="30%"/>
              </conditions>
            </line>
            <line number="51" hits="8" branch="true" condition-coverage="30% (3/10)">
              <conditions>
                <condition number="0" type="jump" coverage="30%"/>
              </conditions>
            </line>
            <line number="52" hits="8" branch="false"/>
            <line number="54" hits="16" branch="false"/>
            <line number="56" hits="8" branch="false"/>
            <line number="57" hits="8" branch="false"/>
            <line number="59" hits="8" branch="false"/>
            <line number="60" hits="8" branch="true" condition-coverage="30% (3/10)">
              <conditions>
                <condition number="0" type="jump" coverage="30%"/>
              </conditions>
            </line>
            <line number="61" hits="8" branch="true" condition-coverage="30% (3/10)">
              <conditions>
                <condition number="0" type="jump" coverage="30%"/>
              </conditions>
            </line>
            <line number="62" hits="8" branch="false"/>
            <line number="64" hits="16" branch="false"/>
            <line number="66" hits="8" branch="false"/>
            <line number="68" hits="8" branch="true" condition-coverage="30% (3/10)">
              <conditions>
                <condition number="0" type="jump" coverage="30%"/>
              </conditions>
            </line>
            <line number="69" hits="8" branch="false"/>
            <line number="71" hits="16" branch="false"/>
            <line number="73" hits="8" branch="false"/>
            <line number="74" hits="8" branch="false"/>
            <line number="75" hits="8" branch="false"/>
            <line number="76" hits="8" branch="false"/>
            <line number="78" hits="8" branch="false"/>
            <line number="79" hits="8" branch="false"/>
            <line number="80" hits="8" branch="true" condition-coverage="30% (3/10)">
              <conditions>
                <condition number="0" type="jump" coverage="30%"/>
              </conditions>
            </line>
            <line number="81" hits="8" branch="false"/>
            <line number="83" hits="16" branch="false"/>
            <line number="85" hits="8" branch="false"/>
            <line number="87" hits="8" branch="true" condition-coverage="30% (3/10)">
              <conditions>
                <condition number="0" type="jump" coverage="30%"/>
              </conditions>
            </line>
            <line number="88" hits="8" branch="false"/>
          </lines>
        </class>
        <class name="test_revert_c" filename="tests/test_revert.c" line-rate="1.0" branch-rate="0.3" complexity="0.0">
          <methods/>
          <lines>
            <line number="11" hits="16" branch="false"/>
            <line number="13" hits="8" branch="false"/>
            <line number="14" hits="8" branch="false"/>
            <line number="16" hits="8" branch="false"/>
            <line number="17" hits="8" branch="true" condition-coverage="30% (3/10)">
              <conditions>
                <condition number="0" type="jump" coverage="30%"/>
              </conditions>
            </line>
            <line number="18" hits="8" branch="true" condition-coverage="30% (3/10)">
              <conditions>
                <condition number="0" type="jump" coverage="30%"/>
              </conditions>
            </line>
            <line number="19" hits="8" branch="true" condition-coverage="30% (3/10)">
              <conditions>
                <condition number="0" type="jump" coverage="30%"/>
              </conditions>
            </line>
            <line number="20" hits="8" branch="true" condition-coverage="30% (3/10)">
              <conditions>
                <condition number="0" type="jump" coverage="30%"/>
              </conditions>
            </line>
            <line number="21" hits="8" branch="false"/>
            <line number="23" hits="16" branch="false"/>
            <line number="25" hits="8" branch="false"/>
            <line number="27" hits="8" branch="true" condition-coverage="30% (3/10)">
              <conditions>
                <condition number="0" type="jump" coverage="30%"/>
              </conditions>
            </line>
            <line number="28" hits="8" branch="false"/>
            <line number="30" hits="16" branch="false"/>
            <line number="32" hits="8" branch="false"/>
            <line number="33" hits="8" branch="false"/>
            <line number="34" hits="8" branch="false"/>
            <line number="35" hits="8" branch="false"/>
            <line number="37" hits="8" branch="false"/>
            <line number="38" hits="8" branch="false"/>
            <line number="39" hits="8" branch="false"/>
            <line number="40" hits="8" branch="true" condition-coverage="30% (3/10)">
              <conditions>
                <condition number="0" type="jump" coverage="30%"/>
              </conditions>
            </line>
            <line number="41" hits="8" branch="true" condition-coverage="30% (3/10)">
              <conditions>
                <condition number="0" type="jump" coverage="30%"/>
              </conditions>
            </line>
            <line number="42" hits="8" branch="true" condition-coverage="30% (3/10)">
              <conditions>
                <condition number="0" type="jump" coverage="30%"/>
              </conditions>
            </line>
            <line number="43" hits="8" branch="true" condition-coverage="30% (3/10)">
              <conditions>
                <condition number="0" type="jump" coverage="30%"/>
              </conditions>
            </line>
            <line number="44" hits="8" branch="true" condition-coverage="30% (3/10)">
              <conditions>
                <condition number="0" type="jump" coverage="30%"/>
              </conditions>
            </line>
            <line number="45" hits="8" branch="true" condition-coverage="30% (3/10)">
              <conditions>
                <condition number="0" type="jump" coverage="30%"/>
              </conditions>
            </line>
            <line number="46" hits="8" branch="true" condition-coverage="30% (3/10)">
              <conditions>
                <condition number="0" type="jump" coverage="30%"/>
              </conditions>
            </line>
            <line number="47" hits="8" branch="true" condition-coverage="30% (3/10)">
              <conditions>
                <condition number="0" type="jump" coverage="30%"/>
              </conditions>
            </line>
            <line number="48" hits="8" branch="false"/>
          </lines>
        </class>
        <class name="test_sort_c" filename="tests/test_sort.c" line-rate="1.0" branch-rate="0.3157894736842105" complexity="0.0">
          <methods/>
          <lines>
            <line number="11" hits="28" branch="false"/>
            <line number="13" hits="28" branch="false"/>
            <line number="16" hits="1604" branch="false"/>
            <line number="18" hits="1604" branch="false"/>
            <line number="21" hits="16" branch="false"/>
            <line number="23" hits="8" branch="false"/>
            <line number="24" hits="8" branch="false"/>
            <line number="25" hits="8" branch="false"/>
            <line number="26" hits="8" branch="false"/>
            <line number="28" hits="8" branch="false"/>
            <line number="29" hits="8" branch="false"/>
            <line number="30" hits="8" branch="false"/>
            <line number="31" hits="8" branch="true" condition-coverage="30% (3/10)">
              <conditions>
                <condition number="0" type="jump" coverage="30%"/>
              </conditions>
            </line>
            <line number="32" hits="8" branch="true" condition-coverage="30% (3/10)">
              <conditions>
                <condition number="0" type="jump" coverage="30%"/>
              </conditions>
            </line>
            <line number="33" hits="8" branch="true" condition-coverage="30% (3/10)">
              <conditions>
                <condition number="0" type="jump" coverage="30%"/>
              </conditions>
            </line>
            <line number="34" hits="8" branch="true" condition-coverage="30% (3/10)">
              <conditions>
                <condition number="0" type="jump" coverage="30%"/>
              </conditions>
            </line>
            <line number="35" hits="8" branch="true" condition-coverage="30% (3/10)">
              <conditions>
                <condition number="0" type="jump" coverage="30%"/>
              </conditions>
            </line>
            <line number="36" hits="8" branch="true" condition-coverage="30% (3/10)">
              <conditions>
                <condition number="0" type="jump" coverage="30%"/>
              </conditions>
            </line>
            <line number="37" hits="8" branch="true" condition-coverage="30% (3/10)">
              <conditions>
                <condition number="0" type="jump" coverage="30%"/>
              </conditions>
            </line>
            <line number="38" hits="8" branch="true" condition-coverage="30% (3/10)">
              <conditions>
                <condition number="0" type="jump" coverage="30%"/>
              </conditions>
            </line>
            <line number="39" hits="8" branch="true" condition-coverage="30% (3/10)">
              <conditions>
                <condition number="0" type="jump" coverage="30%"/>
              </conditions>
            </line>
            <line number="40" hits="8" branch="true" condition-coverage="30% (3/10)">
              <conditions>
                <condition number="0" type="jump" coverage="30%"/>
              </conditions>
            </line>
            <line number="41" hits="8" branch="true" condition-coverage="30% (3/10)">
              <conditions>
                <condition number="0" type="jump" coverage="30%"/>
              </conditions>
            </line>
            <line number="42" hits="8" branch="true" condition-coverage="30% (3/10)">
              <conditions>
                <condition number="0" type="jump" coverage="30%"/>
              </conditions>
            </line>
            <line number="43" hits="8" branch="false"/>
            <line number="45" hits="16" branch="false"/>
            <line number="47" hits="8" branch="false"/>
            <line number="48" hits="8" branch="false"/>
            <line number="50" hits="216" branch="true" condition-coverage="100% (2/2)">
              <conditions>
                <condition number="0" type="jump" coverage="100%"/>
              </conditions>
            </line>
            <line number="51" hits="208" branch="false"/>
            <line number="52" hits="208" branch="false"/>
            <line number="54" hits="8" branch="true" condition-coverage="30% (3/10)">
              <conditions>
                <condition number="0" type="jump" coverage="30%"/>
              </conditions>
            </line>
            <line number="55" hits="8" branch="false"/>
            <line number="56" hits="216" branch="true" condition-coverage="100% (2/2)">
              <conditions>
                <condition number="0" type="jump" coverage="100%"/>
              </conditions>
            </line>
            <line number="57" hits="208" branch="true" condition-coverage="30% (3/10)">
              <conditions>
                <condition number="0" type="jump" coverage="30%"/>
              </conditions>
            </line>
            <line number="58" hits="208" branch="false"/>
            <line number="60" hits="8" branch="true" condition-coverage="30% (3/10)">
              <conditions>
                <condition number="0" type="jump" coverage="30%"/>
              </conditions>
            </line>
            <line number="61" hits="8" branch="false"/>
            <line number="62" hits="216" branch="true" condition-coverage="100% (2/2)">
              <conditions>
                <condition number="0" type="jump" coverage="100%"/>
              </conditions>
            </line>
            <line number="63" hits="208" branch="true" condition-coverage="30% (3/10)">
              <conditions>
                <condition number="0" type="jump" coverage="30%"/>
              </conditions>
            </line>
            <line number="64" hits="208" branch="false"/>
            <line number="66" hits="8" branch="false"/>
            <line number="68" hits="16" branch="false"/>
            <line number="70" hits="8" branch="false"/>
            <line number="71" hits="8" branch="false"/>
            <line number="72" hits="8" branch="false"/>
            <line number="74" hits="8" branch="true" condition-coverage="30% (3/10)">
              <conditions>
                <condition number="0" type="jump" coverage="30%"/>
              </conditions>
            </line>
            <line number="75" hits="8" branch="true" condition-coverage="30% (3/10)">
              <conditions>
                <condition number="0" type="jump" coverage="30%"/>
              </conditions>
            </line>
            <line number="76" hits="8" branch="false"/>
            <line number="77" hits="8" branch="true" condition-coverage="30% (3/10)">
              <conditions>
                <condition number="0" type="jump" coverage="30%"/>
              </conditions>
            </line>
            <line number="78" hits="8" branch="true" condition-coverage="30% (3/10)">
              <conditions>
                <condition number="0" type="jump" coverage="30%"/>
              </conditions>
            </line>
            <line number="79" hits="8" branch="true" condition-coverage="30% (3/10)">
              <conditions>
                <condition number="0" type="jump" coverage="30%"/>
              </conditions>
            </line>
            <line number="80" hits="8" branch="false"/>
            <line number="81" hits="8" branch="true" condition-coverage="30% (3/10)">
              <conditions>
                <condition number="0" type="jump" coverage="30%"/>
              </conditions>
            </line>
            <line number="82" hits="8" branch="true" condition-coverage="30% (3/10)">
              <conditions>
                <condition number="0" type="jump" coverage="30%"/>
              </conditions>
            </line>
            <line number="83" hits="8" branch="true" condition-coverage="30% (3/10)">
              <conditions>
                <condition number="0" type="jump" coverage="30%"/>
              </conditions>
            </line>
            <line number="84" hits="8" branch="true" condition-coverage="30% (3/10)">
              <conditions>
                <condition number="0" type="jump" coverage="30%"/>
              </conditions>
            </line>
            <line number="85" hits="8" branch="true" condition-coverage="30% (3/10)">
              <conditions>
                <condition number="0" type="jump" coverage="30%"/>
              </conditions>
            </line>
            <line number="86" hits="8" branch="false"/>
          </lines>
        </class>
        <class name="test_to_array_c" filename="tests/test_to_array.c" line-rate="1.0" branch-rate="0.3" complexity="0.0">
          <methods/>
          <lines>
            <line number="11" hits="16" branch="false"/>
            <line number="13" hits="8" branch="false"/>
            <line number="14" hits="8" branch="false"/>
            <line number="15" hits="8" branch="false"/>
            <line number="16" hits="8" branch="false"/>
            <line number="17" hits="8" branch="false"/>
            <line number="18" hits="8" branch="false"/>
            <line number="19" hits="8" branch="false"/>
            <line number="20" hits="8" branch="false"/>
            <line number="22" hits="8" branch="false"/>
            <line number="23" hits="8" branch="false"/>
            <line number="24" hits="8" branch="false"/>
            <line number="25" hits="8" branch="false"/>
            <line number="26" hits="8" branch="true" condition-coverage="30% (3/10)">
              <conditions>
                <condition number="0" type="jump" coverage="30%"/>
              </conditions>
            </line>
            <line number="27" hits="8" branch="true" condition-coverage="30% (3/10)">
              <conditions>
                <condition number="0" type="jump" coverage="30%"/>
              </conditions>
            </line>
            <line number="28" hits="8" branch="true" condition-coverage="30% (3/10)">
              <conditions>
                <condition number="0" type="jump" coverage="30%"/>
              </conditions>
            </line>
            <line number="29" hits="8" branch="true" condition-coverage="30% (3/10)">
              <conditions>
                <condition number="0" type="jump" coverage="30%"/>
              </conditions>
            </line>
            <line number="30" hits="8" branch="true" condition-coverage="30% (3/10)">
              <conditions>
                <condition number="0" type="jump" coverage="30%"/>
              </conditions>
            </line>
            <line number="31" hits="8" branch="false"/>
            <line number="33" hits="16" branch="false"/>
            <line number="35" hits="8" branch="false"/>
            <line number="36" hits="8" branch="false"/>
            <line number="37" hits="8" branch="true" condition-coverage="30% (3/10)">
              <conditions>
                <condition number="0" type="jump" coverage="30%"/>
              </conditions>
            </line>
            <line number="38" hits="8" branch="false"/>
          </lines>
        </class>
      </classes>
    </package>
  </packages>
</coverage>
